<?xml version="1.0" encoding="UTF-8"?>
<testng-results ignored="0" total="4" passed="4" failed="0" skipped="0">
  <reporter-output>
  </reporter-output>
  <suite started-at="2024-05-09T07:38:50 GMT" name="Default suite" finished-at="2024-05-09T07:38:58 GMT" duration-ms="7265">
    <groups>
      <group name="cucumber">
        <method signature="AbstractTestNGCucumberTests.runScenario(io.cucumber.testng.PickleWrapper, io.cucumber.testng.FeatureWrapper)[pri:0, instance:runner.ArticleRunner@b62d79]" name="runScenario" class="io.cucumber.testng.AbstractTestNGCucumberTests"/>
      </group> <!-- cucumber -->
    </groups>
    <test started-at="2024-05-09T07:38:50 GMT" name="Default test" finished-at="2024-05-09T07:38:58 GMT" duration-ms="7265">
      <class name="runner.ArticleRunner">
        <test-method is-config="true" signature="setUpClass(org.testng.ITestContext)[pri:0, instance:runner.ArticleRunner@b62d79]" started-at="2024-05-09T07:38:50 GMT" name="setUpClass" finished-at="2024-05-09T07:38:51 GMT" duration-ms="848" status="PASS">
          <params>
            <param index="0">
              <value>
                <![CDATA[org.testng.TestRunner@216e0771]]>
              </value>
            </param>
          </params>
          <reporter-output>
          </reporter-output>
        </test-method> <!-- setUpClass -->
        <test-method signature="runScenario(io.cucumber.testng.PickleWrapper, io.cucumber.testng.FeatureWrapper)[pri:0, instance:runner.ArticleRunner@b62d79]" started-at="2024-05-09T07:38:51 GMT" name="runScenario" description="Runs Cucumber Scenarios" data-provider="scenarios" finished-at="2024-05-09T07:38:56 GMT" duration-ms="4307" status="PASS">
          <params>
            <param index="0">
              <value>
                <![CDATA["User Login"]]>
              </value>
            </param>
            <param index="1">
              <value>
                <![CDATA["conduit Article Post"]]>
              </value>
            </param>
          </params>
          <reporter-output>
          </reporter-output>
        </test-method> <!-- runScenario -->
        <test-method signature="runScenario(io.cucumber.testng.PickleWrapper, io.cucumber.testng.FeatureWrapper)[pri:0, instance:runner.ArticleRunner@b62d79]" started-at="2024-05-09T07:38:56 GMT" name="runScenario" description="Runs Cucumber Scenarios" data-provider="scenarios" finished-at="2024-05-09T07:38:56 GMT" duration-ms="457" status="PASS">
          <params>
            <param index="0">
              <value>
                <![CDATA["Add an new article"]]>
              </value>
            </param>
            <param index="1">
              <value>
                <![CDATA["conduit Article Post"]]>
              </value>
            </param>
          </params>
          <reporter-output>
          </reporter-output>
        </test-method> <!-- runScenario -->
        <test-method signature="runScenario(io.cucumber.testng.PickleWrapper, io.cucumber.testng.FeatureWrapper)[pri:0, instance:runner.ArticleRunner@b62d79]" started-at="2024-05-09T07:38:56 GMT" name="runScenario" description="Runs Cucumber Scenarios" data-provider="scenarios" finished-at="2024-05-09T07:38:57 GMT" duration-ms="895" status="PASS">
          <params>
            <param index="0">
              <value>
                <![CDATA["Update an article"]]>
              </value>
            </param>
            <param index="1">
              <value>
                <![CDATA["conduit Article Post"]]>
              </value>
            </param>
          </params>
          <reporter-output>
          </reporter-output>
        </test-method> <!-- runScenario -->
        <test-method signature="runScenario(io.cucumber.testng.PickleWrapper, io.cucumber.testng.FeatureWrapper)[pri:0, instance:runner.ArticleRunner@b62d79]" started-at="2024-05-09T07:38:57 GMT" name="runScenario" description="Runs Cucumber Scenarios" data-provider="scenarios" finished-at="2024-05-09T07:38:58 GMT" duration-ms="653" status="PASS">
          <params>
            <param index="0">
              <value>
                <![CDATA["Delete an article"]]>
              </value>
            </param>
            <param index="1">
              <value>
                <![CDATA["conduit Article Post"]]>
              </value>
            </param>
          </params>
          <reporter-output>
          </reporter-output>
        </test-method> <!-- runScenario -->
        <test-method is-config="true" signature="tearDownClass()[pri:0, instance:runner.ArticleRunner@b62d79]" started-at="2024-05-09T07:38:58 GMT" name="tearDownClass" finished-at="2024-05-09T07:38:58 GMT" duration-ms="62" status="PASS">
          <reporter-output>
          </reporter-output>
        </test-method> <!-- tearDownClass -->
      </class> <!-- runner.ArticleRunner -->
    </test> <!-- Default test -->
  </suite> <!-- Default suite -->
</testng-results>
